2017-01-07 12:02:53,764 - root - ERROR - failed to initialize a Card, title not a basestring
2017-01-07 12:12:02,525 - root - ERROR - failed to initialize a Card, title not a basestring
2017-01-07 12:18:33,006 - root - ERROR - Failed to initialize Card: title is not a str
2017-01-07 12:19:12,872 - root - ERROR - Failed to initialize Card: title is not a str
2017-01-07 12:21:43,618 - root - ERROR - Failed to initialize Card: title is not a str
2017-01-07 12:21:43,619 - root - ERROR - Failed to initialize Card: description is not a str
2017-01-07 12:21:43,619 - root - ERROR - Failed to initialize Card: text is not a str
2017-01-07 12:21:43,619 - root - ERROR - Failed to initialize Card: images is not a list
2017-01-07 12:52:26,190 - root - ERROR - Failed to initialize Card: title is not a str
2017-01-07 12:52:26,190 - root - ERROR - Failed to initialize Card: description is not a str
2017-01-07 12:52:26,190 - root - ERROR - Failed to initialize Card: text is not a str
2017-01-07 12:52:26,190 - root - ERROR - Failed to initialize Card: images is not a list
2017-01-07 12:52:26,191 - root - ERROR - Failed to initialize Card: images is not a list
2017-01-07 12:52:40,694 - root - ERROR - Failed to initialize Card: title is not a str
2017-01-07 12:52:40,694 - root - ERROR - Failed to initialize Card: description is not a str
2017-01-07 12:52:40,695 - root - ERROR - Failed to initialize Card: text is not a str
2017-01-07 12:52:40,695 - root - ERROR - Failed to initialize Card: images is not a list
2017-01-07 12:52:40,695 - root - ERROR - Failed to initialize Card: images is not a list
2017-01-07 13:12:16,939 - root - ERROR - Failed to initialize Card: title is not a str
2017-01-07 13:12:16,939 - root - ERROR - Failed to initialize Card: description is not a str
2017-01-07 13:12:16,939 - root - ERROR - Failed to initialize Card: text is not a str
2017-01-07 13:12:16,939 - root - ERROR - Failed to initialize Card: images is not a list
2017-01-07 13:12:16,939 - root - ERROR - Failed to initialize Card: images is not a list
2017-01-07 13:12:29,893 - root - ERROR - Failed to initialize Card: title is not a str
2017-01-07 13:12:29,893 - root - ERROR - Failed to initialize Card: description is not a str
2017-01-07 13:12:29,893 - root - ERROR - Failed to initialize Card: text is not a str
2017-01-07 13:12:29,893 - root - ERROR - Failed to initialize Card: images is not a list
2017-01-07 13:12:29,894 - root - ERROR - Failed to initialize Card: images is not a list
2017-01-07 13:19:43,626 - root - ERROR - Failed to initialize Card: title is not a str
2017-01-07 13:19:43,626 - root - ERROR - Failed to initialize Card: text is not a str
2017-01-07 13:19:43,626 - root - ERROR - Failed to initialize Card: images is not a list
2017-01-07 13:19:43,626 - root - ERROR - Failed to initialize Card: images is not a list
2017-01-07 13:19:43,626 - root - ERROR - Failed to initialize Card: images is not a list
2017-01-07 13:19:59,318 - root - ERROR - Failed to initialize Card: title is not a str
2017-01-07 13:19:59,318 - root - ERROR - Failed to initialize Card: text is not a str
2017-01-07 13:19:59,318 - root - ERROR - Failed to initialize Card: images is not a list
2017-01-07 13:19:59,318 - root - ERROR - Failed to initialize Card: images is not a list
2017-01-07 13:19:59,318 - root - ERROR - Failed to initialize Card: images is not a list
2017-01-07 13:20:12,703 - root - ERROR - Failed to initialize Card: title is not a str
2017-01-07 13:20:12,703 - root - ERROR - Failed to initialize Card: text is not a str
2017-01-07 13:20:12,703 - root - ERROR - Failed to initialize Card: images is not a list
2017-01-07 13:20:12,704 - root - ERROR - Failed to initialize Card: images is not a list
2017-01-07 13:20:12,704 - root - ERROR - Failed to initialize Card: images is not a list
2017-01-07 13:21:15,885 - root - ERROR - Failed to initialize Card: title is not a str
2017-01-07 13:21:15,885 - root - ERROR - Failed to initialize Card: text is not a str
2017-01-07 13:21:15,885 - root - ERROR - Failed to initialize Card: images is not a list
2017-01-07 13:21:15,885 - root - ERROR - Failed to initialize Card: images is not a list
2017-01-07 13:21:15,885 - root - ERROR - Failed to initialize Card: images is not a list
2017-01-07 13:22:50,430 - root - ERROR - Failed to initialize Card: title is not a str
2017-01-07 13:22:50,430 - root - ERROR - Failed to initialize Card: text is not a str
2017-01-07 13:22:50,430 - root - ERROR - Failed to initialize Card: images is not a list
2017-01-07 13:22:50,431 - root - ERROR - Failed to initialize Card: images is not a list
2017-01-07 13:22:50,431 - root - ERROR - Failed to initialize Card: images is not a list
2017-01-07 13:24:16,930 - root - ERROR - Failed to initialize Card: title is not a str
2017-01-07 13:24:16,930 - root - ERROR - Failed to initialize Card: text is not a str
2017-01-07 13:24:16,931 - root - ERROR - Failed to initialize Card: images is not a list
2017-01-07 13:24:16,931 - root - ERROR - Failed to initialize Card: images is not a list
2017-01-07 13:24:16,931 - root - ERROR - Failed to initialize Card: images is not a list
2017-01-07 13:24:33,255 - root - ERROR - Failed to initialize Card: title is not a str
2017-01-07 13:24:33,255 - root - ERROR - Failed to initialize Card: text is not a str
2017-01-07 13:24:33,256 - root - ERROR - Failed to initialize Card: images is not a list
2017-01-07 13:24:33,256 - root - ERROR - Failed to initialize Card: images is not a list
2017-01-07 13:24:33,256 - root - ERROR - Failed to initialize Card: images is not a list
2017-01-07 13:24:40,473 - root - ERROR - Failed to initialize Card: title is not a str
2017-01-07 13:24:40,473 - root - ERROR - Failed to initialize Card: text is not a str
2017-01-07 13:24:40,473 - root - ERROR - Failed to initialize Card: images is not a list
2017-01-07 13:24:40,473 - root - ERROR - Failed to initialize Card: images is not a list
2017-01-07 13:24:40,473 - root - ERROR - Failed to initialize Card: images is not a list
2017-01-07 13:24:41,196 - root - ERROR - Failed to initialize Card: title is not a str
2017-01-07 13:24:41,196 - root - ERROR - Failed to initialize Card: text is not a str
2017-01-07 13:24:41,197 - root - ERROR - Failed to initialize Card: images is not a list
2017-01-07 13:24:41,197 - root - ERROR - Failed to initialize Card: images is not a list
2017-01-07 13:24:41,197 - root - ERROR - Failed to initialize Card: images is not a list
2017-01-07 13:24:41,709 - root - ERROR - Failed to initialize Card: title is not a str
2017-01-07 13:24:41,709 - root - ERROR - Failed to initialize Card: text is not a str
2017-01-07 13:24:41,709 - root - ERROR - Failed to initialize Card: images is not a list
2017-01-07 13:24:41,709 - root - ERROR - Failed to initialize Card: images is not a list
2017-01-07 13:24:41,709 - root - ERROR - Failed to initialize Card: images is not a list
2017-01-07 13:29:29,243 - root - ERROR - Failed to initialize Card: title is not a str
2017-01-07 13:29:29,244 - root - ERROR - Failed to initialize Card: description is not a str
2017-01-07 13:29:29,244 - root - ERROR - Failed to initialize Card: text is not a str
2017-01-07 13:29:29,244 - root - ERROR - Failed to initialize Card: images is not a list
2017-01-07 13:29:29,244 - root - ERROR - Failed to initialize Card: images is not a list
2017-01-07 13:29:29,244 - root - ERROR - Failed to initialize Card: images is not a list
2017-01-07 13:30:05,159 - root - ERROR - Failed to initialize Card: title is not a str
2017-01-07 13:30:05,160 - root - ERROR - Failed to initialize Card: description is not a str
2017-01-07 13:30:05,160 - root - ERROR - Failed to initialize Card: text is not a str
2017-01-07 13:30:05,160 - root - ERROR - Failed to initialize Card: images is not a list
2017-01-07 13:30:05,160 - root - ERROR - Failed to initialize Card: images is not a list
2017-01-07 13:30:05,160 - root - ERROR - Failed to initialize Card: images is not a list
2017-01-07 13:32:18,057 - root - ERROR - Failed to initialize Card: title is not a str
2017-01-07 13:32:18,057 - root - ERROR - Failed to initialize Card: description is not a str
2017-01-07 13:32:18,057 - root - ERROR - Failed to initialize Card: text is not a str
2017-01-07 13:32:18,057 - root - ERROR - Failed to initialize Card: images is not a list
2017-01-07 13:32:18,057 - root - ERROR - Failed to initialize Card: images is not a list
2017-01-07 13:32:18,057 - root - ERROR - Failed to initialize Card: images is not a list
2017-01-07 13:38:50,708 - root - ERROR - Failed to initialize Card: title is not a str
2017-01-07 13:38:50,708 - root - ERROR - Failed to initialize Card: description is not a str
2017-01-07 13:38:50,708 - root - ERROR - Failed to initialize Card: text is not a str
2017-01-07 13:38:50,709 - root - ERROR - Failed to initialize Card: images is not a list
2017-01-07 13:38:50,709 - root - ERROR - Failed to initialize Card: images is not a list
2017-01-07 13:38:50,709 - root - ERROR - Failed to initialize Card: images is not a list
2017-01-07 13:39:16,425 - root - ERROR - Failed to initialize Card: title is not a str
2017-01-07 13:39:16,425 - root - ERROR - Failed to initialize Card: description is not a str
2017-01-07 13:39:16,426 - root - ERROR - Failed to initialize Card: text is not a str
2017-01-07 13:39:16,426 - root - ERROR - Failed to initialize Card: images is not a list
2017-01-07 13:39:16,426 - root - ERROR - Failed to initialize Card: images is not a list
2017-01-07 13:39:16,426 - root - ERROR - Failed to initialize Card: images is not a list
2017-01-07 13:39:18,734 - root - ERROR - Failed to initialize Card: title is not a str
2017-01-07 13:39:18,735 - root - ERROR - Failed to initialize Card: description is not a str
2017-01-07 13:39:18,735 - root - ERROR - Failed to initialize Card: text is not a str
2017-01-07 13:39:18,735 - root - ERROR - Failed to initialize Card: images is not a list
2017-01-07 13:39:18,735 - root - ERROR - Failed to initialize Card: images is not a list
2017-01-07 13:39:18,735 - root - ERROR - Failed to initialize Card: images is not a list
2017-01-07 13:39:19,157 - root - ERROR - Failed to initialize Card: title is not a str
2017-01-07 13:39:19,157 - root - ERROR - Failed to initialize Card: description is not a str
2017-01-07 13:39:19,157 - root - ERROR - Failed to initialize Card: text is not a str
2017-01-07 13:39:19,157 - root - ERROR - Failed to initialize Card: images is not a list
2017-01-07 13:39:19,157 - root - ERROR - Failed to initialize Card: images is not a list
2017-01-07 13:39:19,157 - root - ERROR - Failed to initialize Card: images is not a list
2017-01-07 13:39:19,503 - root - ERROR - Failed to initialize Card: title is not a str
2017-01-07 13:39:19,503 - root - ERROR - Failed to initialize Card: description is not a str
2017-01-07 13:39:19,504 - root - ERROR - Failed to initialize Card: text is not a str
2017-01-07 13:39:19,504 - root - ERROR - Failed to initialize Card: images is not a list
2017-01-07 13:39:19,504 - root - ERROR - Failed to initialize Card: images is not a list
2017-01-07 13:39:19,504 - root - ERROR - Failed to initialize Card: images is not a list
2017-01-07 13:39:19,803 - root - ERROR - Failed to initialize Card: title is not a str
2017-01-07 13:39:19,803 - root - ERROR - Failed to initialize Card: description is not a str
2017-01-07 13:39:19,803 - root - ERROR - Failed to initialize Card: text is not a str
2017-01-07 13:39:19,803 - root - ERROR - Failed to initialize Card: images is not a list
2017-01-07 13:39:19,803 - root - ERROR - Failed to initialize Card: images is not a list
2017-01-07 13:39:19,803 - root - ERROR - Failed to initialize Card: images is not a list
2017-01-07 13:39:20,103 - root - ERROR - Failed to initialize Card: title is not a str
2017-01-07 13:39:20,103 - root - ERROR - Failed to initialize Card: description is not a str
2017-01-07 13:39:20,103 - root - ERROR - Failed to initialize Card: text is not a str
2017-01-07 13:39:20,103 - root - ERROR - Failed to initialize Card: images is not a list
2017-01-07 13:39:20,103 - root - ERROR - Failed to initialize Card: images is not a list
2017-01-07 13:39:20,104 - root - ERROR - Failed to initialize Card: images is not a list
2017-01-07 13:39:20,443 - root - ERROR - Failed to initialize Card: title is not a str
2017-01-07 13:39:20,443 - root - ERROR - Failed to initialize Card: description is not a str
2017-01-07 13:39:20,443 - root - ERROR - Failed to initialize Card: text is not a str
2017-01-07 13:39:20,443 - root - ERROR - Failed to initialize Card: images is not a list
2017-01-07 13:39:20,444 - root - ERROR - Failed to initialize Card: images is not a list
2017-01-07 13:39:20,444 - root - ERROR - Failed to initialize Card: images is not a list
2017-01-07 13:39:20,791 - root - ERROR - Failed to initialize Card: title is not a str
2017-01-07 13:39:20,791 - root - ERROR - Failed to initialize Card: description is not a str
2017-01-07 13:39:20,791 - root - ERROR - Failed to initialize Card: text is not a str
2017-01-07 13:39:20,791 - root - ERROR - Failed to initialize Card: images is not a list
2017-01-07 13:39:20,791 - root - ERROR - Failed to initialize Card: images is not a list
2017-01-07 13:39:20,791 - root - ERROR - Failed to initialize Card: images is not a list
2017-01-07 13:39:21,121 - root - ERROR - Failed to initialize Card: title is not a str
2017-01-07 13:39:21,121 - root - ERROR - Failed to initialize Card: description is not a str
2017-01-07 13:39:21,122 - root - ERROR - Failed to initialize Card: text is not a str
2017-01-07 13:39:21,122 - root - ERROR - Failed to initialize Card: images is not a list
2017-01-07 13:39:21,122 - root - ERROR - Failed to initialize Card: images is not a list
2017-01-07 13:39:21,122 - root - ERROR - Failed to initialize Card: images is not a list
2017-01-07 13:39:21,435 - root - ERROR - Failed to initialize Card: title is not a str
2017-01-07 13:39:21,435 - root - ERROR - Failed to initialize Card: description is not a str
2017-01-07 13:39:21,435 - root - ERROR - Failed to initialize Card: text is not a str
2017-01-07 13:39:21,435 - root - ERROR - Failed to initialize Card: images is not a list
2017-01-07 13:39:21,435 - root - ERROR - Failed to initialize Card: images is not a list
2017-01-07 13:39:21,435 - root - ERROR - Failed to initialize Card: images is not a list
2017-01-07 13:39:21,765 - root - ERROR - Failed to initialize Card: title is not a str
2017-01-07 13:39:21,765 - root - ERROR - Failed to initialize Card: description is not a str
2017-01-07 13:39:21,765 - root - ERROR - Failed to initialize Card: text is not a str
2017-01-07 13:39:21,765 - root - ERROR - Failed to initialize Card: images is not a list
2017-01-07 13:39:21,765 - root - ERROR - Failed to initialize Card: images is not a list
2017-01-07 13:39:21,765 - root - ERROR - Failed to initialize Card: images is not a list
2017-01-07 13:39:22,078 - root - ERROR - Failed to initialize Card: title is not a str
2017-01-07 13:39:22,078 - root - ERROR - Failed to initialize Card: description is not a str
2017-01-07 13:39:22,078 - root - ERROR - Failed to initialize Card: text is not a str
2017-01-07 13:39:22,079 - root - ERROR - Failed to initialize Card: images is not a list
2017-01-07 13:39:22,079 - root - ERROR - Failed to initialize Card: images is not a list
2017-01-07 13:39:22,079 - root - ERROR - Failed to initialize Card: images is not a list
2017-01-07 13:39:22,381 - root - ERROR - Failed to initialize Card: title is not a str
2017-01-07 13:39:22,381 - root - ERROR - Failed to initialize Card: description is not a str
2017-01-07 13:39:22,381 - root - ERROR - Failed to initialize Card: text is not a str
2017-01-07 13:39:22,381 - root - ERROR - Failed to initialize Card: images is not a list
2017-01-07 13:39:22,381 - root - ERROR - Failed to initialize Card: images is not a list
2017-01-07 13:39:22,381 - root - ERROR - Failed to initialize Card: images is not a list
2017-01-07 13:39:22,719 - root - ERROR - Failed to initialize Card: title is not a str
2017-01-07 13:39:22,719 - root - ERROR - Failed to initialize Card: description is not a str
2017-01-07 13:39:22,720 - root - ERROR - Failed to initialize Card: text is not a str
2017-01-07 13:39:22,720 - root - ERROR - Failed to initialize Card: images is not a list
2017-01-07 13:39:22,720 - root - ERROR - Failed to initialize Card: images is not a list
2017-01-07 13:39:22,720 - root - ERROR - Failed to initialize Card: images is not a list
2017-01-07 13:39:23,042 - root - ERROR - Failed to initialize Card: title is not a str
2017-01-07 13:39:23,042 - root - ERROR - Failed to initialize Card: description is not a str
2017-01-07 13:39:23,042 - root - ERROR - Failed to initialize Card: text is not a str
2017-01-07 13:39:23,043 - root - ERROR - Failed to initialize Card: images is not a list
2017-01-07 13:39:23,043 - root - ERROR - Failed to initialize Card: images is not a list
2017-01-07 13:39:23,043 - root - ERROR - Failed to initialize Card: images is not a list
2017-01-07 13:39:23,367 - root - ERROR - Failed to initialize Card: title is not a str
2017-01-07 13:39:23,367 - root - ERROR - Failed to initialize Card: description is not a str
2017-01-07 13:39:23,367 - root - ERROR - Failed to initialize Card: text is not a str
2017-01-07 13:39:23,367 - root - ERROR - Failed to initialize Card: images is not a list
2017-01-07 13:39:23,367 - root - ERROR - Failed to initialize Card: images is not a list
2017-01-07 13:39:23,367 - root - ERROR - Failed to initialize Card: images is not a list
2017-01-07 13:39:57,747 - root - ERROR - Failed to initialize Card: title is not a str
2017-01-07 13:39:57,747 - root - ERROR - Failed to initialize Card: description is not a str
2017-01-07 13:39:57,748 - root - ERROR - Failed to initialize Card: text is not a str
2017-01-07 13:39:57,748 - root - ERROR - Failed to initialize Card: images is not a list
2017-01-07 13:39:57,748 - root - ERROR - Failed to initialize Card: images is not a list
2017-01-07 13:39:57,748 - root - ERROR - Failed to initialize Card: images is not a list
2017-01-07 13:41:07,623 - root - ERROR - Failed to initialize Card: title is not a str
2017-01-07 13:41:07,624 - root - ERROR - Failed to initialize Card: description is not a str
2017-01-07 13:41:07,624 - root - ERROR - Failed to initialize Card: text is not a str
2017-01-07 13:41:07,624 - root - ERROR - Failed to initialize Card: images is not a list
2017-01-07 13:41:07,624 - root - ERROR - Failed to initialize Card: images is not a list
2017-01-07 13:41:07,624 - root - ERROR - Failed to initialize Card: images is not a list
2017-01-07 13:42:30,693 - root - ERROR - Failed to initialize Card: title is not a str
2017-01-07 13:42:30,693 - root - ERROR - Failed to initialize Card: description is not a str
2017-01-07 13:42:30,693 - root - ERROR - Failed to initialize Card: text is not a str
2017-01-07 13:42:30,694 - root - ERROR - Failed to initialize Card: images is not a list
2017-01-07 13:42:30,694 - root - ERROR - Failed to initialize Card: images is not a list
2017-01-07 13:42:30,694 - root - ERROR - Failed to initialize Card: images is not a list
2017-01-07 13:42:40,041 - root - ERROR - Failed to initialize Card: title is not a str
2017-01-07 13:42:40,042 - root - ERROR - Failed to initialize Card: description is not a str
2017-01-07 13:42:40,042 - root - ERROR - Failed to initialize Card: text is not a str
2017-01-07 13:42:40,042 - root - ERROR - Failed to initialize Card: images is not a list
2017-01-07 13:42:40,042 - root - ERROR - Failed to initialize Card: images is not a list
2017-01-07 13:42:40,042 - root - ERROR - Failed to initialize Card: images is not a list
2017-01-07 13:43:26,063 - root - ERROR - Failed to initialize Card: title is not a str
2017-01-07 13:43:26,063 - root - ERROR - Failed to initialize Card: description is not a str
2017-01-07 13:43:26,063 - root - ERROR - Failed to initialize Card: text is not a str
2017-01-07 13:43:26,063 - root - ERROR - Failed to initialize Card: images is not a list
2017-01-07 13:43:26,063 - root - ERROR - Failed to initialize Card: images is not a list
2017-01-07 13:43:26,063 - root - ERROR - Failed to initialize Card: images is not a list
2017-01-07 13:44:02,749 - root - ERROR - Failed to initialize Card: title is not a str
2017-01-07 13:44:02,757 - root - ERROR - Failed to initialize Card: description is not a str
2017-01-07 13:44:02,757 - root - ERROR - Failed to initialize Card: text is not a str
2017-01-07 13:44:02,758 - root - ERROR - Failed to initialize Card: images is not a list
2017-01-07 13:44:02,758 - root - ERROR - Failed to initialize Card: images is not a list
2017-01-07 13:44:02,758 - root - ERROR - Failed to initialize Card: images is not a list
2017-01-07 13:44:50,274 - root - ERROR - Failed to initialize Card: title is not a str
2017-01-07 13:44:50,274 - root - ERROR - Failed to initialize Card: description is not a str
2017-01-07 13:44:50,275 - root - ERROR - Failed to initialize Card: text is not a str
2017-01-07 13:44:50,275 - root - ERROR - Failed to initialize Card: images is not a list
2017-01-07 13:44:50,275 - root - ERROR - Failed to initialize Card: images is not a list
2017-01-07 13:44:50,275 - root - ERROR - Failed to initialize Card: images is not a list
2017-01-07 13:44:57,995 - root - ERROR - Failed to initialize Card: title is not a str
2017-01-07 13:44:57,996 - root - ERROR - Failed to initialize Card: description is not a str
2017-01-07 13:44:57,996 - root - ERROR - Failed to initialize Card: text is not a str
2017-01-07 13:44:57,996 - root - ERROR - Failed to initialize Card: images is not a list
2017-01-07 13:44:57,996 - root - ERROR - Failed to initialize Card: images is not a list
2017-01-07 13:44:57,996 - root - ERROR - Failed to initialize Card: images is not a list
2017-01-07 13:47:39,670 - root - ERROR - Failed to initialize Card: title is not a str
2017-01-07 13:47:39,670 - root - ERROR - Failed to initialize Card: description is not a str
2017-01-07 13:47:39,670 - root - ERROR - Failed to initialize Card: text is not a str
2017-01-07 13:47:39,670 - root - ERROR - Failed to initialize Card: images is not a list
2017-01-07 13:47:39,670 - root - ERROR - Failed to initialize Card: images is not a list
2017-01-07 13:47:39,670 - root - ERROR - Failed to initialize Card: images is not a list
2017-01-07 13:50:28,622 - root - ERROR - Failed to initialize Card: title is not a str
2017-01-07 13:50:28,622 - root - ERROR - Failed to initialize Card: description is not a str
2017-01-07 13:50:28,622 - root - ERROR - Failed to initialize Card: text is not a str
2017-01-07 13:50:28,623 - root - ERROR - Failed to initialize Card: images is not a list
2017-01-07 13:50:28,623 - root - ERROR - Failed to initialize Card: images is not a list
2017-01-07 13:50:28,623 - root - ERROR - Failed to initialize Card: images is not a list
2017-01-07 13:50:28,623 - root - ERROR - Failed to initialize Card: cid is not a int
2017-01-07 13:52:16,739 - root - ERROR - Failed to initialize Card: title is not a str
2017-01-07 13:52:16,740 - root - ERROR - Failed to initialize Card: description is not a str
2017-01-07 13:52:16,740 - root - ERROR - Failed to initialize Card: text is not a str
2017-01-07 13:52:16,740 - root - ERROR - Failed to initialize Card: images is not a list
2017-01-07 13:52:16,740 - root - ERROR - Failed to initialize Card: images is not a list
2017-01-07 13:52:16,740 - root - ERROR - Failed to initialize Card: images is not a list
2017-01-07 13:52:16,740 - root - ERROR - Failed to initialize Card: cid is not a int
2017-01-07 14:00:54,432 - root - ERROR - Failed to initialize Card: title is not a str
2017-01-07 14:00:54,432 - root - ERROR - Failed to initialize Card: description is not a str
2017-01-07 14:00:54,433 - root - ERROR - Failed to initialize Card: text is not a str
2017-01-07 14:00:54,433 - root - ERROR - Failed to initialize Card: images is not a list
2017-01-07 14:00:54,433 - root - ERROR - Failed to initialize Card: images is not a list
2017-01-07 14:00:54,433 - root - ERROR - Failed to initialize Card: unread is not a bool
2017-01-07 14:00:54,433 - root - ERROR - Failed to initialize Card: cid is not a int
2017-01-07 14:01:14,193 - root - ERROR - Failed to initialize Card: title is not a str
2017-01-07 14:01:14,194 - root - ERROR - Failed to initialize Card: description is not a str
2017-01-07 14:01:14,194 - root - ERROR - Failed to initialize Card: text is not a str
2017-01-07 14:01:14,194 - root - ERROR - Failed to initialize Card: images is not a list
2017-01-07 14:01:14,194 - root - ERROR - Failed to initialize Card: images is not a list
2017-01-07 14:01:14,194 - root - ERROR - Failed to initialize Card: unread is not a bool
2017-01-07 14:01:14,194 - root - ERROR - Failed to initialize Card: cid is not a int
